1669846998112	geckodriver	INFO	Listening on 127.0.0.1:7510
1669847002601	mozrunner::runner	INFO	Running command: "C:\\Program Files (x86)\\Mozilla Firefox\\firefox.exe" "--marionette" "--remote-debugging-port" "7511" "--remote-allow-hosts" "localhost" "-no-remote" "-profile" "C:\\Users\\SYSTEM~1\\AppData\\Local\\Temp\\rust_mozprofileVGw2OV"
1669847003843	Marionette	INFO	Marionette enabled
1669847003855	Marionette	INFO	Listening on port 7526
Read port: 7526
WebDriver BiDi listening on ws://127.0.0.1:7511
1669847004542	RemoteAgent	WARN	TLS certificate errors will be ignored for this session
console.warn: SearchSettings: "get: No settings file exists, new profile?" (new NotFoundError("Could not open the file at C:\\Users\\SYSTEM~1\\AppData\\Local\\Temp\\rust_mozprofileVGw2OV\\search.json.mozlz4", (void 0)))
DevTools listening on ws://127.0.0.1:7511/devtools/browser/954bb3e2-9874-415b-81e5-6c2e96f63e3a
[GFX1-]: DCompositionSurface::BeginDraw failed: 0x8007000e Rect(x=524288, y=524416, w=1024, h=384)
[GFX1-]: Handling webrender error 4
[Parent 14736, IPC I/O Parent] WARNING: pipe error: 232: file /builds/worker/checkouts/gecko/ipc/chromium/src/chrome/common/ipc_channel_win.cc:559
[GFX1-]: Receive IPC close with reason=AbnormalShutdown
[GFX1-]: Receive IPC close with reason=AbnormalShutdown
[GFX1-]: Receive IPC close with reason=AbnormalShutdown
[Parent 14736, Main Thread] WARNING: base::KillProcess refusing to terminate process handle 0: file /builds/worker/checkouts/gecko/ipc/chromium/src/base/process_util_win.cc:405
[GFX1-]: Receive IPC close with reason=AbnormalShutdown
JavaScript error: resource://gre/modules/URIFixup.sys.mjs, line 304: NS_ERROR_FAILURE: Should pass a non-null uri
[GFX1-]: IPC Channel is already torn down unexpectedly

JavaScript error: , line 0: NS_ERROR_NOT_AVAILABLE
JavaScript error: resource://gre/modules/PromiseWorker.jsm, line 106: Error: Could not get children of file(C:\Users\SYSTEM~1\AppData\Local\Temp\rust_mozprofileVGw2OV\thumbnails) because it does not exist
JavaScript error: resource://gre/modules/PromiseWorker.jsm, line 106: Error: Could not get children of file(C:\Users\SYSTEM~1\AppData\Local\Temp\rust_mozprofileVGw2OV\thumbnails) because it does not exist
JavaScript error: resource://gre/modules/PromiseWorkerJavaScript error: resource://gre/modules/PromiseWorker.jsm, line 106: Error: Could not get children of file(C:\Users\SYSTEM~1\AppData\Local\Temp\rust_moJavaScript error: resource://gre/modules/PromiseWorker.jsm, line 106: Error: Could not get children of file(C:\Users\SYSTEM~1\AppData\Local\Temp\rust_mozprofileVGw2OV\thumbnails) because it does not exist
JavaScript error: resource://gre/modules/PromiseWorker.jsm, line 106: Error: Could not get children of file(C:\Users\SYSTEM~1\AppData\Local\Temp\rust_mozprofileVGw2OV\thumbnails) because it does not exist
JavaScript error: resource://gre/modules/PromiseWorker.jsm, line 106: Error: Could not get children of file(C:\Users\SYSTEM~1\AppData\Local\Temp\rust_mozprofileVGw2OV\thumbnails) because it does not exist
JavaScript error: resource://gre/modules/PromiseWorker.jsm, line 106: Error: Could not get children of file(C:\Users\SYSTEM~1\AppData\Local\Temp\rust_mozprofileVGw2OV\thumbnails) because it does not exist
JavaScript error: resource://gre/modules/PromiseWorker.jsm, line 106: Error: Could not get children of file(C:\Users\SYSTEM~1\AppData\Local\Temp\rust_mozprofileVGw2OV\thumbnails) because it does not exist
JavaScript error: , line 0: NS_ERROR_NOT_AVAILABLE
JavaScript error: resource://gre/modules/PromiseWorker.jsm, line 106: Error: Could not get children of file(C:\Users\SYSTEM~1\AppData\Local\Temp\rust_mozprofileVGw2OV\thumbnails) because it does not exist
JavaScript error: resource://gre/modules/PromiseWorker.jsm, line 106: Error: Could not get children of file(C:\Users\SYSTEM~1\AppData\Local\Temp\rust_mozprofileVGw2OV\thumbnails) because it does not exist
zprofilevFGUbo\thumbnails) because it does not exist
